<?xml version="1.0" encoding="UTF-8"?>
<!-- Generated by org.testng.reporters.JUnitReportReporter -->
<testsuite skipped="0" hostname="Param397HP" name="com.xcartdemo.AppTest" tests="1" failures="0" timestamp="28 Nov 2021 23:41:00 GMT" time="0.014" errors="0">
  <testcase name="shouldAnswerWithTrue" time="0.014" classname="com.xcartdemo.AppTest"/>
</testsuite> <!-- com.xcartdemo.AppTest -->
